Build started 15/09/2014 12:10:04.
     1>Project "C:\Users\cesar\Documents\GitHub\Animation_skinning_HW_concordia\COMP447\COMP447.vcxproj" on node 2 (Build target(s)).
     1>InitializeBuildStatus:
         Creating "Debug\COMP447.tlog\unsuccessfulbuild" because "AlwaysCreate" was specified.
       ClCompile:
         C:\Program Files (x86)\Microsoft Visual Studio 12.0\VC\bin\CL.exe /c /I\freeglut\include /ZI /nologo /W3 /WX- /Od /Oy- /D _MBCS /Gm /EHsc /RTC1 /MDd /GS /Zc:wchar_t /Zc:forScope /Fo"Debug\\" /Fd"Debug\vc120.pdb" /Gd /TP /analyze- /errorReport:prompt ..\447codebase\skeleton.cpp
         skeleton.cpp
     1>c:\users\cesar\documents\github\animation_skinning_hw_concordia\447codebase\skeleton.cpp(21): warning C4244: '=' : conversion from 'double' to 'float', possible loss of data
     1>c:\users\cesar\documents\github\animation_skinning_hw_concordia\447codebase\skeleton.cpp(22): warning C4244: '=' : conversion from 'double' to 'float', possible loss of data
     1>c:\users\cesar\documents\github\animation_skinning_hw_concordia\447codebase\skeleton.cpp(23): warning C4244: '=' : conversion from 'double' to 'float', possible loss of data
     1>c:\users\cesar\documents\github\animation_skinning_hw_concordia\447codebase\skeleton.cpp(64): warning C4305: 'argument' : truncation from 'double' to 'GLfloat'
     1>c:\users\cesar\documents\github\animation_skinning_hw_concordia\447codebase\skeleton.cpp(65): warning C4305: 'argument' : truncation from 'double' to 'GLfloat'
     1>c:\users\cesar\documents\github\animation_skinning_hw_concordia\447codebase\skeleton.cpp(75): warning C4305: 'argument' : truncation from 'double' to 'GLfloat'
     1>c:\users\cesar\documents\github\animation_skinning_hw_concordia\447codebase\skeleton.cpp(77): warning C4305: 'argument' : truncation from 'double' to 'GLfloat'
     1>c:\users\cesar\documents\github\animation_skinning_hw_concordia\447codebase\skeleton.cpp(104): warning C4244: '=' : conversion from 'GLdouble' to 'float', possible loss of data
     1>c:\users\cesar\documents\github\animation_skinning_hw_concordia\447codebase\skeleton.cpp(105): warning C4244: '=' : conversion from 'double' to 'float', possible loss of data
     1>c:\users\cesar\documents\github\animation_skinning_hw_concordia\447codebase\skeleton.cpp(213): warning C4244: 'argument' : conversion from 'double' to 'float', possible loss of data
     1>c:\users\cesar\documents\github\animation_skinning_hw_concordia\447codebase\skeleton.cpp(221): warning C4018: '<' : signed/unsigned mismatch
     1>c:\users\cesar\documents\github\animation_skinning_hw_concordia\447codebase\skeleton.cpp(228): warning C4018: '<' : signed/unsigned mismatch
     1>c:\users\cesar\documents\github\animation_skinning_hw_concordia\447codebase\skeleton.cpp(244): warning C4018: '<' : signed/unsigned mismatch
       Link:
         C:\Program Files (x86)\Microsoft Visual Studio 12.0\VC\bin\link.exe /ERRORREPORT:PROMPT /OUT:"C:\Users\cesar\Documents\GitHub\Animation_skinning_HW_concordia\Debug\COMP447.exe" /INCREMENTAL /NOLOGO /LIBPATH:..\freeglut\lib kernel32.lib user32.lib gdi32.lib winspool.lib comdlg32.lib advapi32.lib shell32.lib ole32.lib oleaut32.lib uuid.lib odbc32.lib odbccp32.lib /MANIFEST /MANIFESTUAC:"level='asInvoker' uiAccess='false'" /manifest:embed /DEBUG /PDB:"C:\Users\cesar\Documents\GitHub\Animation_skinning_HW_concordia\Debug\COMP447.pdb" /TLBID:1 /DYNAMICBASE /NXCOMPAT /IMPLIB:"C:\Users\cesar\Documents\GitHub\Animation_skinning_HW_concordia\Debug\COMP447.lib" /MACHINE:X86 Debug\defMesh.obj
         Debug\glm.obj
         Debug\glMain.obj
         Debug\simpleMath.obj
         Debug\skeleton.obj
         Debug\splitstring.obj
         COMP447.vcxproj -> C:\Users\cesar\Documents\GitHub\Animation_skinning_HW_concordia\Debug\COMP447.exe
       FinalizeBuildStatus:
         Deleting file "Debug\COMP447.tlog\unsuccessfulbuild".
         Touching "Debug\COMP447.tlog\COMP447.lastbuildstate".
     1>Done Building Project "C:\Users\cesar\Documents\GitHub\Animation_skinning_HW_concordia\COMP447\COMP447.vcxproj" (Build target(s)).

Build succeeded.

Time Elapsed 00:00:00.92
